生成启动时间为 2016/7/16 14:03:15。
     1>项目“C:\Users\PANGYUEYING\Desktop\宋志远\程序和论文\c\c\c.vcxproj”在节点 2 上(build 个目标)。
     1>InitializeBuildStatus:
         正在对“Debug\c.unsuccessfulbuild”执行 Touch 任务。
       ClCompile:
         所有输出均为最新。
         所有输出均为最新。
       ManifestResourceCompile:
         所有输出均为最新。
       Link:
         c:\Program Files (x86)\Microsoft Visual Studio 10.0\VC\bin\link.exe /ERRORREPORT:PROMPT /OUT:"C:\Users\PANGYUEYING\Desktop\宋志远\程序和论文\c\Debug\c.exe" /INCREMENTAL /NOLOGO kernel32.lib user32.lib gdi32.lib winspool.lib comdlg32.lib advapi32.lib shell32.lib ole32.lib oleaut32.lib uuid.lib odbc32.lib odbccp32.lib /MANIFEST /ManifestFile:"Debug\c.exe.intermediate.manifest" /MANIFESTUAC:"level='asInvoker' uiAccess='false'" /DEBUG /PDB:"C:\Users\PANGYUEYING\Desktop\宋志远\程序和论文\c\Debug\c.pdb" /SUBSYSTEM:CONSOLE /TLBID:1 /DYNAMICBASE /NXCOMPAT /IMPLIB:"C:\Users\PANGYUEYING\Desktop\宋志远\程序和论文\c\Debug\c.lib" /MACHINE:X86 Debug\c.exe.embed.manifest.res
         Debug\c.obj
         Debug\stdafx.obj
       Manifest:
         c:\Program Files (x86)\Microsoft SDKs\Windows\v7.0A\bin\mt.exe /nologo /verbose /out:"Debug\c.exe.embed.manifest" /manifest Debug\c.exe.intermediate.manifest
         所有输出均为最新。
       LinkEmbedManifest:
         所有输出均为最新。
         c.vcxproj -> C:\Users\PANGYUEYING\Desktop\宋志远\程序和论文\c\Debug\c.exe
       FinalizeBuildStatus:
         正在删除文件“Debug\c.unsuccessfulbuild”。
         正在对“Debug\c.lastbuildstate”执行 Touch 任务。
     1>已完成生成项目“C:\Users\PANGYUEYING\Desktop\宋志远\程序和论文\c\c\c.vcxproj”(build 个目标)的操作。

生成成功。

已用时间 00:00:04.98
